mode: atomic
github.com/backendArchitect/forge/must/must.go:14.40,15.16 1 5
github.com/backendArchitect/forge/must/must.go:15.16,16.13 1 2
github.com/backendArchitect/forge/must/must.go:18.2,18.14 1 3
github.com/backendArchitect/forge/must/must.go:31.23,32.16 1 3
github.com/backendArchitect/forge/must/must.go:32.16,33.13 1 2
github.com/backendArchitect/forge/fsutil/fsutil.go:19.31,22.2 2 6
github.com/backendArchitect/forge/fsutil/fsutil.go:31.31,33.24 2 3
github.com/backendArchitect/forge/fsutil/fsutil.go:33.24,35.3 1 1
github.com/backendArchitect/forge/fsutil/fsutil.go:36.2,36.32 1 2
github.com/backendArchitect/forge/fsutil/fsutil.go:46.30,48.24 2 3
github.com/backendArchitect/forge/fsutil/fsutil.go:48.24,50.3 1 1
github.com/backendArchitect/forge/fsutil/fsutil.go:51.2,51.21 1 2
github.com/backendArchitect/forge/fsutil/fsutil.go:68.41,69.14 1 3
github.com/backendArchitect/forge/fsutil/fsutil.go:69.14,71.3 1 1
github.com/backendArchitect/forge/fsutil/fsutil.go:73.2,74.16 2 2
github.com/backendArchitect/forge/fsutil/fsutil.go:74.16,76.3 1 1
github.com/backendArchitect/forge/fsutil/fsutil.go:77.2,80.26 3 1
github.com/backendArchitect/forge/fsutil/fsutil.go:93.42,96.47 2 2
github.com/backendArchitect/forge/fsutil/fsutil.go:96.47,98.3 1 0
github.com/backendArchitect/forge/fsutil/fsutil.go:100.2,101.16 2 2
github.com/backendArchitect/forge/fsutil/fsutil.go:101.16,103.3 1 0
github.com/backendArchitect/forge/fsutil/fsutil.go:104.2,108.26 4 2
github.com/backendArchitect/forge/fsutil/fsutil.go:120.38,122.16 2 3
github.com/backendArchitect/forge/fsutil/fsutil.go:122.16,124.3 1 1
github.com/backendArchitect/forge/fsutil/fsutil.go:125.2,129.16 3 2
github.com/backendArchitect/forge/fsutil/fsutil.go:129.16,131.3 1 0
github.com/backendArchitect/forge/fsutil/fsutil.go:134.2,135.50 2 2
github.com/backendArchitect/forge/fsutil/fsutil.go:135.50,137.3 1 0
github.com/backendArchitect/forge/fsutil/fsutil.go:140.2,141.16 2 2
github.com/backendArchitect/forge/fsutil/fsutil.go:141.16,143.3 1 0
github.com/backendArchitect/forge/fsutil/fsutil.go:144.2,148.16 3 2
github.com/backendArchitect/forge/fsutil/fsutil.go:148.16,150.3 1 0
github.com/backendArchitect/forge/fsutil/fsutil.go:153.2,153.38 1 2
github.com/backendArchitect/forge/conv/conv.go:23.32,24.14 1 21
github.com/backendArchitect/forge/conv/conv.go:24.14,26.3 1 1
github.com/backendArchitect/forge/conv/conv.go:28.2,28.25 1 20
github.com/backendArchitect/forge/conv/conv.go:29.11,30.18 1 1
github.com/backendArchitect/forge/conv/conv.go:31.12,32.23 1 1
github.com/backendArchitect/forge/conv/conv.go:33.13,34.23 1 1
github.com/backendArchitect/forge/conv/conv.go:35.13,36.23 1 1
github.com/backendArchitect/forge/conv/conv.go:37.13,38.23 1 1
github.com/backendArchitect/forge/conv/conv.go:39.12,40.23 1 1
github.com/backendArchitect/forge/conv/conv.go:41.13,42.23 1 1
github.com/backendArchitect/forge/conv/conv.go:43.14,44.23 1 1
github.com/backendArchitect/forge/conv/conv.go:45.14,46.23 1 1
github.com/backendArchitect/forge/conv/conv.go:47.14,48.23 1 1
github.com/backendArchitect/forge/conv/conv.go:49.15,50.23 1 1
github.com/backendArchitect/forge/conv/conv.go:51.15,52.23 1 1
github.com/backendArchitect/forge/conv/conv.go:53.14,54.35 1 5
github.com/backendArchitect/forge/conv/conv.go:54.35,56.4 1 2
github.com/backendArchitect/forge/conv/conv.go:57.3,57.27 1 3
github.com/backendArchitect/forge/conv/conv.go:58.12,59.10 1 2
github.com/backendArchitect/forge/conv/conv.go:59.10,61.4 1 1
github.com/backendArchitect/forge/conv/conv.go:62.3,62.16 1 1
github.com/backendArchitect/forge/conv/conv.go:63.10,64.54 1 1
github.com/backendArchitect/forge/conv/conv.go:75.29,76.14 1 8
github.com/backendArchitect/forge/conv/conv.go:76.14,78.3 1 1
github.com/backendArchitect/forge/conv/conv.go:80.2,80.25 1 7
github.com/backendArchitect/forge/conv/conv.go:81.14,82.13 1 1
github.com/backendArchitect/forge/conv/conv.go:83.14,84.21 1 2
github.com/backendArchitect/forge/conv/conv.go:85.20,86.22 1 0
github.com/backendArchitect/forge/conv/conv.go:87.10,88.32 1 4
github.com/backendArchitect/forge/conv/conv.go:102.41,103.14 1 5
github.com/backendArchitect/forge/conv/conv.go:103.14,105.3 1 1
github.com/backendArchitect/forge/conv/conv.go:107.2,108.32 2 4
github.com/backendArchitect/forge/conv/conv.go:108.32,110.3 1 1
github.com/backendArchitect/forge/conv/conv.go:113.2,113.30 1 3
github.com/backendArchitect/forge/conv/conv.go:113.30,115.3 1 2
github.com/backendArchitect/forge/conv/conv.go:118.2,123.30 5 1
github.com/backendArchitect/forge/conv/conv.go:123.30,125.55 2 1
github.com/backendArchitect/forge/conv/conv.go:125.55,127.4 1 1
github.com/backendArchitect/forge/conv/conv.go:128.3,128.23 1 0
github.com/backendArchitect/forge/conv/conv.go:131.2,131.20 1 0
github.com/backendArchitect/forge/conv/conv.go:149.36,150.14 1 6
github.com/backendArchitect/forge/conv/conv.go:150.14,152.3 1 1
github.com/backendArchitect/forge/conv/conv.go:154.2,155.16 2 5
github.com/backendArchitect/forge/conv/conv.go:155.16,157.3 1 1
github.com/backendArchitect/forge/conv/conv.go:159.2,159.26 1 4
github.com/backendArchitect/forge/conv/conv.go:177.49,180.38 2 5
github.com/backendArchitect/forge/conv/conv.go:180.38,182.3 1 2
github.com/backendArchitect/forge/conv/conv.go:184.2,185.16 2 3
github.com/backendArchitect/forge/conv/conv.go:185.16,187.3 1 1
github.com/backendArchitect/forge/conv/conv.go:189.2,189.20 1 2
github.com/backendArchitect/forge/async/async.go:21.64,22.21 1 3
github.com/backendArchitect/forge/async/async.go:22.21,24.3 1 1
github.com/backendArchitect/forge/async/async.go:26.2,29.29 3 2
github.com/backendArchitect/forge/async/async.go:29.29,31.31 2 8
github.com/backendArchitect/forge/async/async.go:31.31,34.4 2 8
github.com/backendArchitect/forge/async/async.go:37.2,38.15 2 2
github.com/backendArchitect/forge/async/async.go:67.39,69.12 2 10
github.com/backendArchitect/forge/async/async.go:69.12,71.29 2 10
github.com/backendArchitect/forge/async/async.go:71.29,72.24 1 1
github.com/backendArchitect/forge/async/async.go:72.24,74.5 1 1
github.com/backendArchitect/forge/async/async.go:80.33,83.2 2 3
github.com/backendArchitect/forge/async/async.go:109.33,110.18 1 4
github.com/backendArchitect/forge/async/async.go:110.18,112.3 1 1
github.com/backendArchitect/forge/async/async.go:114.2,120.31 2 4
github.com/backendArchitect/forge/async/async.go:120.31,122.3 1 8
github.com/backendArchitect/forge/async/async.go:124.2,124.10 1 4
github.com/backendArchitect/forge/async/async.go:128.40,132.14 3 4
github.com/backendArchitect/forge/async/async.go:132.14,134.3 1 0
github.com/backendArchitect/forge/async/async.go:136.2,136.29 1 4
github.com/backendArchitect/forge/async/async.go:136.29,137.18 1 14
github.com/backendArchitect/forge/async/async.go:137.18,140.4 2 12
github.com/backendArchitect/forge/async/async.go:145.23,147.2 1 4
github.com/backendArchitect/forge/async/async.go:150.24,152.15 2 4
github.com/backendArchitect/forge/async/async.go:152.15,155.3 2 4
github.com/backendArchitect/forge/async/async.go:156.2,157.13 2 4
github.com/backendArchitect/forge/async/async.go:161.25,162.32 1 8
github.com/backendArchitect/forge/async/async.go:162.32,165.3 2 12
github.com/backendArchitect/forge/async/async.go:180.53,184.16 3 2
github.com/backendArchitect/forge/async/async.go:184.16,188.19 3 6
github.com/backendArchitect/forge/async/async.go:188.19,190.4 1 4
github.com/backendArchitect/forge/async/async.go:192.3,192.35 1 6
github.com/backendArchitect/forge/async/async.go:209.56,213.16 3 2
github.com/backendArchitect/forge/async/async.go:213.16,218.41 4 7
github.com/backendArchitect/forge/async/async.go:218.41,221.4 2 3
github.com/backendArchitect/forge/sliceutil/sliceutil.go:18.42,19.21 1 4
github.com/backendArchitect/forge/sliceutil/sliceutil.go:19.21,21.3 1 1
github.com/backendArchitect/forge/sliceutil/sliceutil.go:23.2,26.29 3 3
github.com/backendArchitect/forge/sliceutil/sliceutil.go:26.29,27.39 1 12
github.com/backendArchitect/forge/sliceutil/sliceutil.go:27.39,30.4 2 8
github.com/backendArchitect/forge/sliceutil/sliceutil.go:33.2,33.15 1 3
github.com/backendArchitect/forge/sliceutil/sliceutil.go:43.59,44.21 1 4
github.com/backendArchitect/forge/sliceutil/sliceutil.go:44.21,46.3 1 1
github.com/backendArchitect/forge/sliceutil/sliceutil.go:48.2,49.29 2 3
github.com/backendArchitect/forge/sliceutil/sliceutil.go:49.29,50.22 1 12
github.com/backendArchitect/forge/sliceutil/sliceutil.go:50.22,52.4 1 6
github.com/backendArchitect/forge/sliceutil/sliceutil.go:55.2,55.15 1 3
github.com/backendArchitect/forge/sliceutil/sliceutil.go:65.56,66.21 1 3
github.com/backendArchitect/forge/sliceutil/sliceutil.go:66.21,68.3 1 1
github.com/backendArchitect/forge/sliceutil/sliceutil.go:70.2,71.29 2 2
github.com/backendArchitect/forge/sliceutil/sliceutil.go:71.29,73.3 1 6
github.com/backendArchitect/forge/sliceutil/sliceutil.go:75.2,75.15 1 2
github.com/backendArchitect/forge/sliceutil/sliceutil.go:85.69,87.29 2 3
github.com/backendArchitect/forge/sliceutil/sliceutil.go:87.29,89.3 1 7
github.com/backendArchitect/forge/sliceutil/sliceutil.go:90.2,90.15 1 3
github.com/backendArchitect/forge/sliceutil/sliceutil.go:101.46,102.15 1 6
github.com/backendArchitect/forge/sliceutil/sliceutil.go:102.15,104.3 1 2
github.com/backendArchitect/forge/sliceutil/sliceutil.go:106.2,106.21 1 4
github.com/backendArchitect/forge/sliceutil/sliceutil.go:106.21,108.3 1 1
github.com/backendArchitect/forge/sliceutil/sliceutil.go:110.2,111.40 2 3
github.com/backendArchitect/forge/sliceutil/sliceutil.go:111.40,113.23 2 6
github.com/backendArchitect/forge/sliceutil/sliceutil.go:113.23,115.4 1 2
github.com/backendArchitect/forge/sliceutil/sliceutil.go:116.3,116.40 1 6
github.com/backendArchitect/forge/sliceutil/sliceutil.go:119.2,119.15 1 3
github.com/backendArchitect/forge/sliceutil/sliceutil.go:129.56,130.29 1 5
github.com/backendArchitect/forge/sliceutil/sliceutil.go:130.29,131.22 1 7
github.com/backendArchitect/forge/sliceutil/sliceutil.go:131.22,133.4 1 2
github.com/backendArchitect/forge/sliceutil/sliceutil.go:135.2,135.14 1 3
github.com/backendArchitect/forge/sliceutil/sliceutil.go:146.36,147.21 1 3
github.com/backendArchitect/forge/sliceutil/sliceutil.go:147.21,149.3 1 2
github.com/backendArchitect/forge/sliceutil/sliceutil.go:152.2,154.38 2 1
github.com/backendArchitect/forge/sliceutil/sliceutil.go:154.38,157.3 2 4
github.com/backendArchitect/forge/sliceutil/sliceutil.go:159.2,159.14 1 1
github.com/backendArchitect/forge/sliceutil/sliceutil.go:170.47,171.18 1 6
github.com/backendArchitect/forge/sliceutil/sliceutil.go:171.18,173.3 1 2
github.com/backendArchitect/forge/sliceutil/sliceutil.go:176.2,177.26 2 4
github.com/backendArchitect/forge/sliceutil/sliceutil.go:177.26,179.3 1 9
github.com/backendArchitect/forge/sliceutil/sliceutil.go:181.2,182.26 2 4
github.com/backendArchitect/forge/sliceutil/sliceutil.go:182.26,183.40 1 13
github.com/backendArchitect/forge/sliceutil/sliceutil.go:183.40,185.4 1 8
github.com/backendArchitect/forge/sliceutil/sliceutil.go:188.2,188.15 1 4
github.com/backendArchitect/forge/strutil/strutil.go:26.51,27.17 1 6
github.com/backendArchitect/forge/strutil/strutil.go:27.17,29.3 1 2
github.com/backendArchitect/forge/strutil/strutil.go:31.2,32.42 2 4
github.com/backendArchitect/forge/strutil/strutil.go:32.42,34.3 1 1
github.com/backendArchitect/forge/strutil/strutil.go:36.2,36.21 1 4
github.com/backendArchitect/forge/strutil/strutil.go:36.21,38.3 1 0
github.com/backendArchitect/forge/strutil/strutil.go:41.2,44.24 3 4
github.com/backendArchitect/forge/strutil/strutil.go:44.24,46.3 1 35
github.com/backendArchitect/forge/strutil/strutil.go:48.2,48.23 1 4
github.com/backendArchitect/forge/strutil/strutil.go:58.29,60.2 1 8
github.com/backendArchitect/forge/strutil/strutil.go:71.59,72.16 1 9
github.com/backendArchitect/forge/strutil/strutil.go:72.16,74.3 1 1
github.com/backendArchitect/forge/strutil/strutil.go:76.2,76.22 1 8
github.com/backendArchitect/forge/strutil/strutil.go:76.22,78.3 1 3
github.com/backendArchitect/forge/strutil/strutil.go:80.2,80.26 1 5
github.com/backendArchitect/forge/strutil/strutil.go:80.26,81.18 1 2
github.com/backendArchitect/forge/strutil/strutil.go:81.18,83.4 1 1
github.com/backendArchitect/forge/strutil/strutil.go:84.3,84.25 1 1
github.com/backendArchitect/forge/strutil/strutil.go:87.2,87.40 1 3
github.com/backendArchitect/forge/strutil/strutil.go:96.36,97.13 1 8
github.com/backendArchitect/forge/strutil/strutil.go:97.13,99.3 1 1
github.com/backendArchitect/forge/strutil/strutil.go:101.2,102.22 2 7
github.com/backendArchitect/forge/strutil/strutil.go:102.22,103.34 1 60
github.com/backendArchitect/forge/strutil/strutil.go:103.34,105.4 1 7
github.com/backendArchitect/forge/strutil/strutil.go:106.3,106.39 1 60
github.com/backendArchitect/forge/strutil/strutil.go:109.2,109.24 1 7
github.com/backendArchitect/forge/strutil/strutil.go:118.36,119.13 1 9
github.com/backendArchitect/forge/strutil/strutil.go:119.13,121.3 1 1
github.com/backendArchitect/forge/strutil/strutil.go:123.2,124.21 2 8
github.com/backendArchitect/forge/strutil/strutil.go:124.21,126.3 1 3
github.com/backendArchitect/forge/strutil/strutil.go:128.2,131.34 3 5
github.com/backendArchitect/forge/strutil/strutil.go:131.34,132.24 1 14
github.com/backendArchitect/forge/strutil/strutil.go:132.24,133.17 1 9
github.com/backendArchitect/forge/strutil/strutil.go:133.17,136.5 2 4
github.com/backendArchitect/forge/strutil/strutil.go:136.10,138.5 1 5
github.com/backendArchitect/forge/strutil/strutil.go:142.2,142.24 1 5
github.com/backendArchitect/forge/strutil/strutil.go:157.69,158.20 1 7
github.com/backendArchitect/forge/strutil/strutil.go:158.20,160.3 1 1
github.com/backendArchitect/forge/strutil/strutil.go:162.2,162.17 1 6
github.com/backendArchitect/forge/strutil/strutil.go:162.17,164.3 1 2
github.com/backendArchitect/forge/strutil/strutil.go:167.2,169.72 2 6
github.com/backendArchitect/forge/strutil/strutil.go:169.72,174.41 3 10
github.com/backendArchitect/forge/strutil/strutil.go:174.41,176.4 1 9
github.com/backendArchitect/forge/strutil/strutil.go:179.3,179.15 1 1
github.com/backendArchitect/forge/strutil/strutil.go:183.2,183.28 1 6
github.com/backendArchitect/forge/strutil/strutil.go:183.28,186.40 3 1
github.com/backendArchitect/forge/strutil/strutil.go:186.40,187.22 1 1
github.com/backendArchitect/forge/strutil/strutil.go:187.22,189.40 2 1
github.com/backendArchitect/forge/strutil/strutil.go:189.40,191.6 1 1
github.com/backendArchitect/forge/strutil/strutil.go:194.3,194.27 1 1
github.com/backendArchitect/forge/strutil/strutil.go:194.27,196.4 1 1
github.com/backendArchitect/forge/strutil/strutil.go:199.2,199.20 1 5
